[0.019s] Invoking command in '/home/kshitij/Documents/unitree_go2_house_nav/build/go2_navigation2': CMAKE_PREFIX_PATH=${CMAKE_PREFIX_PATH}:/home/kshitij/Unitree_GO2_ws/install/go2_twist_bridge:/home/kshitij/Unitree_GO2_ws/install/go2_state:/home/kshitij/Unitree_GO2_ws/install/go2_nav:/home/kshitij/Unitree_GO2_ws/install/go2_cruising:/home/kshitij/Unitree_GO2_ws/install/go2_goal_nav:/home/kshitij/Unitree_GO2_ws/install/go2_drive_py:/home/kshitij/Unitree_GO2_ws/install/go2_ctrl:/opt/ros/humble /usr/bin/cmake /home/kshitij/Documents/unitree_go2_house_nav/src/unitree-go2-slam-toolbox/src/go2_navigation2 -DAMENT_CMAKE_SYMLINK_INSTALL=1 -DCMAKE_INSTALL_PREFIX=/home/kshitij/Documents/unitree_go2_house_nav/install/go2_navigation2
[0.146s] -- The C compiler identification is GNU 11.4.0
[0.277s] -- The CXX compiler identification is GNU 11.4.0
[0.291s] -- Detecting C compiler ABI info
[0.409s] -- Detecting C compiler ABI info - done
[0.429s] -- Check for working C compiler: /usr/bin/cc - skipped
[0.430s] -- Detecting C compile features
[0.432s] -- Detecting C compile features - done
[0.437s] -- Detecting CXX compiler ABI info
[0.585s] -- Detecting CXX compiler ABI info - done
[0.600s] -- Check for working CXX compiler: /usr/bin/c++ - skipped
[0.600s] -- Detecting CXX compile features
[0.601s] -- Detecting CXX compile features - done
[0.609s] -- Found ament_cmake: 1.3.13 (/opt/ros/humble/share/ament_cmake/cmake)
[0.927s] -- Found Python3: /usr/bin/python3 (found version "3.10.12") found components: Interpreter 
[1.054s] -- Override CMake install command with custom implementation using symlinks instead of copying resources
[1.110s] -- Found rclcpp: 16.0.18 (/opt/ros/humble/share/rclcpp/cmake)
[1.201s] -- Found rosidl_generator_c: 3.1.8 (/opt/ros/humble/share/rosidl_generator_c/cmake)
[1.212s] -- Found rosidl_adapter: 3.1.8 (/opt/ros/humble/share/rosidl_adapter/cmake)
[1.234s] -- Found rosidl_generator_cpp: 3.1.8 (/opt/ros/humble/share/rosidl_generator_cpp/cmake)
[1.258s] -- Using all available rosidl_typesupport_c: rosidl_typesupport_fastrtps_c;rosidl_typesupport_introspection_c
[1.289s] -- Using all available rosidl_typesupport_cpp: rosidl_typesupport_fastrtps_cpp;rosidl_typesupport_introspection_cpp
[1.383s] -- Found rmw_implementation_cmake: 6.1.2 (/opt/ros/humble/share/rmw_implementation_cmake/cmake)
[1.388s] -- Found rmw_cyclonedds_cpp: 1.3.4 (/home/kshitij/unitree_ros2/cyclonedds_ws/install/rmw_cyclonedds_cpp/share/rmw_cyclonedds_cpp/cmake)
[1.428s] -- Using RMW implementation 'rmw_cyclonedds_cpp' as default
[1.454s] -- Looking for pthread.h
[1.569s] -- Looking for pthread.h - found
[1.570s] -- Performing Test CMAKE_HAVE_LIBC_PTHREAD
[1.684s] -- Performing Test CMAKE_HAVE_LIBC_PTHREAD - Success
[1.684s] -- Found Threads: TRUE  
[1.780s] -- Found unitree_go: 0.0.0 (/home/kshitij/unitree_ros2/cyclonedds_ws/install/unitree_go/share/unitree_go/cmake)
[1.839s] -- Found unitree_api: 0.0.0 (/home/kshitij/unitree_ros2/cyclonedds_ws/install/unitree_api/share/unitree_api/cmake)
[1.869s] -- Found nav_msgs: 4.9.1 (/opt/ros/humble/share/nav_msgs/cmake)
[1.907s] -- Found ament_lint_auto: 0.12.15 (/opt/ros/humble/share/ament_lint_auto/cmake)
[2.066s] -- Added test 'cppcheck' to perform static code analysis on C / C++ code
[2.066s] -- Configured cppcheck include dirs: $<BUILD_INTERFACE:/home/kshitij/Documents/unitree_go2_house_nav/src/unitree-go2-slam-toolbox/src/go2_navigation2/include>
[2.066s] -- Configured cppcheck exclude dirs and/or files: 
[2.068s] -- Added test 'flake8' to check Python code syntax and style conventions
[2.071s] -- Added test 'lint_cmake' to check CMake code style
[2.073s] -- Added test 'pep257' to check Python code against some of the docstring style conventions in PEP 257
[2.076s] -- Added test 'uncrustify' to check C / C++ code style
[2.077s] -- Configured uncrustify additional arguments: 
[2.080s] -- Added test 'xmllint' to check XML markup files
[2.087s] -- Configuring done
[2.119s] -- Generating done
[2.130s] -- Build files have been written to: /home/kshitij/Documents/unitree_go2_house_nav/build/go2_navigation2
[2.147s] Invoked command in '/home/kshitij/Documents/unitree_go2_house_nav/build/go2_navigation2' returned '0': CMAKE_PREFIX_PATH=${CMAKE_PREFIX_PATH}:/home/kshitij/Unitree_GO2_ws/install/go2_twist_bridge:/home/kshitij/Unitree_GO2_ws/install/go2_state:/home/kshitij/Unitree_GO2_ws/install/go2_nav:/home/kshitij/Unitree_GO2_ws/install/go2_cruising:/home/kshitij/Unitree_GO2_ws/install/go2_goal_nav:/home/kshitij/Unitree_GO2_ws/install/go2_drive_py:/home/kshitij/Unitree_GO2_ws/install/go2_ctrl:/opt/ros/humble /usr/bin/cmake /home/kshitij/Documents/unitree_go2_house_nav/src/unitree-go2-slam-toolbox/src/go2_navigation2 -DAMENT_CMAKE_SYMLINK_INSTALL=1 -DCMAKE_INSTALL_PREFIX=/home/kshitij/Documents/unitree_go2_house_nav/install/go2_navigation2
[2.147s] Invoking command in '/home/kshitij/Documents/unitree_go2_house_nav/build/go2_navigation2': CMAKE_PREFIX_PATH=${CMAKE_PREFIX_PATH}:/home/kshitij/Unitree_GO2_ws/install/go2_twist_bridge:/home/kshitij/Unitree_GO2_ws/install/go2_state:/home/kshitij/Unitree_GO2_ws/install/go2_nav:/home/kshitij/Unitree_GO2_ws/install/go2_cruising:/home/kshitij/Unitree_GO2_ws/install/go2_goal_nav:/home/kshitij/Unitree_GO2_ws/install/go2_drive_py:/home/kshitij/Unitree_GO2_ws/install/go2_ctrl:/opt/ros/humble /usr/bin/cmake --build /home/kshitij/Documents/unitree_go2_house_nav/build/go2_navigation2 -- -j4 -l4
[2.232s] [ 50%] [32mBuilding CXX object CMakeFiles/navigation.dir/src/navigation.cpp.o[0m
[2.295s] [100%] [32m[1mLinking CXX executable navigation[0m
[2.489s] [100%] Built target navigation
[2.530s] Invoked command in '/home/kshitij/Documents/unitree_go2_house_nav/build/go2_navigation2' returned '0': CMAKE_PREFIX_PATH=${CMAKE_PREFIX_PATH}:/home/kshitij/Unitree_GO2_ws/install/go2_twist_bridge:/home/kshitij/Unitree_GO2_ws/install/go2_state:/home/kshitij/Unitree_GO2_ws/install/go2_nav:/home/kshitij/Unitree_GO2_ws/install/go2_cruising:/home/kshitij/Unitree_GO2_ws/install/go2_goal_nav:/home/kshitij/Unitree_GO2_ws/install/go2_drive_py:/home/kshitij/Unitree_GO2_ws/install/go2_ctrl:/opt/ros/humble /usr/bin/cmake --build /home/kshitij/Documents/unitree_go2_house_nav/build/go2_navigation2 -- -j4 -l4
[2.538s] Invoking command in '/home/kshitij/Documents/unitree_go2_house_nav/build/go2_navigation2': CMAKE_PREFIX_PATH=${CMAKE_PREFIX_PATH}:/home/kshitij/Unitree_GO2_ws/install/go2_twist_bridge:/home/kshitij/Unitree_GO2_ws/install/go2_state:/home/kshitij/Unitree_GO2_ws/install/go2_nav:/home/kshitij/Unitree_GO2_ws/install/go2_cruising:/home/kshitij/Unitree_GO2_ws/install/go2_goal_nav:/home/kshitij/Unitree_GO2_ws/install/go2_drive_py:/home/kshitij/Unitree_GO2_ws/install/go2_ctrl:/opt/ros/humble /usr/bin/cmake --install /home/kshitij/Documents/unitree_go2_house_nav/build/go2_navigation2
[2.579s] -- Install configuration: ""
[2.579s] -- Execute custom install script
[2.579s] -- Symlinking: /home/kshitij/Documents/unitree_go2_house_nav/install/go2_navigation2/lib/go2_navigation2/navigation
[2.618s] -- Symlinking: /home/kshitij/Documents/unitree_go2_house_nav/install/go2_navigation2/share/go2_navigation2/launch/go2_nav2.launch.py
[2.649s] -- Symlinking: /home/kshitij/Documents/unitree_go2_house_nav/install/go2_navigation2/share/go2_navigation2/config/nav2_params.yaml
[2.661s] -- Symlinking: /home/kshitij/Documents/unitree_go2_house_nav/install/go2_navigation2/share/ament_index/resource_index/package_run_dependencies/go2_navigation2
[2.702s] -- Symlinking: /home/kshitij/Documents/unitree_go2_house_nav/install/go2_navigation2/share/ament_index/resource_index/parent_prefix_path/go2_navigation2
[2.719s] -- Symlinking: /home/kshitij/Documents/unitree_go2_house_nav/install/go2_navigation2/share/go2_navigation2/environment/ament_prefix_path.sh
[2.748s] -- Symlinking: /home/kshitij/Documents/unitree_go2_house_nav/install/go2_navigation2/share/go2_navigation2/environment/ament_prefix_path.dsv
[2.763s] -- Symlinking: /home/kshitij/Documents/unitree_go2_house_nav/install/go2_navigation2/share/go2_navigation2/environment/path.sh
[2.780s] -- Symlinking: /home/kshitij/Documents/unitree_go2_house_nav/install/go2_navigation2/share/go2_navigation2/environment/path.dsv
[2.798s] -- Symlinking: /home/kshitij/Documents/unitree_go2_house_nav/install/go2_navigation2/share/go2_navigation2/local_setup.bash
[2.813s] -- Symlinking: /home/kshitij/Documents/unitree_go2_house_nav/install/go2_navigation2/share/go2_navigation2/local_setup.sh
[2.828s] -- Symlinking: /home/kshitij/Documents/unitree_go2_house_nav/install/go2_navigation2/share/go2_navigation2/local_setup.zsh
[2.844s] -- Symlinking: /home/kshitij/Documents/unitree_go2_house_nav/install/go2_navigation2/share/go2_navigation2/local_setup.dsv
[2.857s] -- Symlinking: /home/kshitij/Documents/unitree_go2_house_nav/install/go2_navigation2/share/go2_navigation2/package.dsv
[2.870s] -- Symlinking: /home/kshitij/Documents/unitree_go2_house_nav/install/go2_navigation2/share/ament_index/resource_index/packages/go2_navigation2
[2.882s] -- Symlinking: /home/kshitij/Documents/unitree_go2_house_nav/install/go2_navigation2/share/go2_navigation2/cmake/go2_navigation2Config.cmake
[2.891s] -- Symlinking: /home/kshitij/Documents/unitree_go2_house_nav/install/go2_navigation2/share/go2_navigation2/cmake/go2_navigation2Config-version.cmake
[2.906s] -- Symlinking: /home/kshitij/Documents/unitree_go2_house_nav/install/go2_navigation2/share/go2_navigation2/package.xml
[2.934s] Invoked command in '/home/kshitij/Documents/unitree_go2_house_nav/build/go2_navigation2' returned '0': CMAKE_PREFIX_PATH=${CMAKE_PREFIX_PATH}:/home/kshitij/Unitree_GO2_ws/install/go2_twist_bridge:/home/kshitij/Unitree_GO2_ws/install/go2_state:/home/kshitij/Unitree_GO2_ws/install/go2_nav:/home/kshitij/Unitree_GO2_ws/install/go2_cruising:/home/kshitij/Unitree_GO2_ws/install/go2_goal_nav:/home/kshitij/Unitree_GO2_ws/install/go2_drive_py:/home/kshitij/Unitree_GO2_ws/install/go2_ctrl:/opt/ros/humble /usr/bin/cmake --install /home/kshitij/Documents/unitree_go2_house_nav/build/go2_navigation2
