[0.024s] Invoking command in '/home/kshitij/Documents/unitree_go2_house_nav/build/go2_core': CMAKE_PREFIX_PATH=${CMAKE_PREFIX_PATH}:/home/kshitij/Unitree_GO2_ws/install/go2_twist_bridge:/home/kshitij/Unitree_GO2_ws/install/go2_state:/home/kshitij/Unitree_GO2_ws/install/go2_nav:/home/kshitij/Unitree_GO2_ws/install/go2_cruising:/home/kshitij/Unitree_GO2_ws/install/go2_goal_nav:/home/kshitij/Unitree_GO2_ws/install/go2_drive_py:/home/kshitij/Unitree_GO2_ws/install/go2_ctrl:/opt/ros/humble /usr/bin/cmake /home/kshitij/Documents/unitree_go2_house_nav/src/unitree-go2-slam-toolbox/src/base/go2_core -DAMENT_CMAKE_SYMLINK_INSTALL=1 -DCMAKE_INSTALL_PREFIX=/home/kshitij/Documents/unitree_go2_house_nav/install/go2_core
[0.168s] -- The C compiler identification is GNU 11.4.0
[0.297s] -- The CXX compiler identification is GNU 11.4.0
[0.308s] -- Detecting C compiler ABI info
[0.421s] -- Detecting C compiler ABI info - done
[0.440s] -- Check for working C compiler: /usr/bin/cc - skipped
[0.441s] -- Detecting C compile features
[0.444s] -- Detecting C compile features - done
[0.450s] -- Detecting CXX compiler ABI info
[0.579s] -- Detecting CXX compiler ABI info - done
[0.595s] -- Check for working CXX compiler: /usr/bin/c++ - skipped
[0.595s] -- Detecting CXX compile features
[0.596s] -- Detecting CXX compile features - done
[0.610s] -- Found ament_cmake: 1.3.13 (/opt/ros/humble/share/ament_cmake/cmake)
[0.937s] -- Found Python3: /usr/bin/python3 (found version "3.10.12") found components: Interpreter 
[1.079s] -- Override CMake install command with custom implementation using symlinks instead of copying resources
[1.140s] -- Found rclcpp: 16.0.18 (/opt/ros/humble/share/rclcpp/cmake)
[1.218s] -- Found rosidl_generator_c: 3.1.8 (/opt/ros/humble/share/rosidl_generator_c/cmake)
[1.230s] -- Found rosidl_adapter: 3.1.8 (/opt/ros/humble/share/rosidl_adapter/cmake)
[1.247s] -- Found rosidl_generator_cpp: 3.1.8 (/opt/ros/humble/share/rosidl_generator_cpp/cmake)
[1.276s] -- Using all available rosidl_typesupport_c: rosidl_typesupport_fastrtps_c;rosidl_typesupport_introspection_c
[1.305s] -- Using all available rosidl_typesupport_cpp: rosidl_typesupport_fastrtps_cpp;rosidl_typesupport_introspection_cpp
[1.398s] -- Found rmw_implementation_cmake: 6.1.2 (/opt/ros/humble/share/rmw_implementation_cmake/cmake)
[1.405s] -- Found rmw_cyclonedds_cpp: 1.3.4 (/home/kshitij/unitree_ros2/cyclonedds_ws/install/rmw_cyclonedds_cpp/share/rmw_cyclonedds_cpp/cmake)
[1.442s] -- Using RMW implementation 'rmw_cyclonedds_cpp' as default
[1.462s] -- Looking for pthread.h
[1.577s] -- Looking for pthread.h - found
[1.577s] -- Performing Test CMAKE_HAVE_LIBC_PTHREAD
[1.695s] -- Performing Test CMAKE_HAVE_LIBC_PTHREAD - Success
[1.696s] -- Found Threads: TRUE  
[1.797s] -- Found unitree_go: 0.0.0 (/home/kshitij/unitree_ros2/cyclonedds_ws/install/unitree_go/share/unitree_go/cmake)
[1.856s] -- Found unitree_api: 0.0.0 (/home/kshitij/unitree_ros2/cyclonedds_ws/install/unitree_api/share/unitree_api/cmake)
[1.886s] -- Found nav_msgs: 4.9.1 (/opt/ros/humble/share/nav_msgs/cmake)
[1.914s] -- Found tf2: 0.25.19 (/opt/ros/humble/share/tf2/cmake)
[1.934s] -- Found tf2_ros: 0.25.19 (/opt/ros/humble/share/tf2_ros/cmake)
[2.107s] -- Found sensor_msgs: 4.9.1 (/opt/ros/humble/share/sensor_msgs/cmake)
[2.141s] -- Found ament_lint_auto: 0.12.15 (/opt/ros/humble/share/ament_lint_auto/cmake)
[2.290s] -- Added test 'cppcheck' to perform static code analysis on C / C++ code
[2.290s] -- Configured cppcheck include dirs: 
[2.291s] -- Configured cppcheck exclude dirs and/or files: 
[2.292s] -- Added test 'flake8' to check Python code syntax and style conventions
[2.293s] -- Added test 'lint_cmake' to check CMake code style
[2.293s] -- Added test 'pep257' to check Python code against some of the docstring style conventions in PEP 257
[2.296s] -- Added test 'uncrustify' to check C / C++ code style
[2.297s] -- Configured uncrustify additional arguments: 
[2.298s] -- Added test 'xmllint' to check XML markup files
[2.302s] -- Configuring done
[2.307s] -- Generating done
[2.311s] -- Build files have been written to: /home/kshitij/Documents/unitree_go2_house_nav/build/go2_core
[2.329s] Invoked command in '/home/kshitij/Documents/unitree_go2_house_nav/build/go2_core' returned '0': CMAKE_PREFIX_PATH=${CMAKE_PREFIX_PATH}:/home/kshitij/Unitree_GO2_ws/install/go2_twist_bridge:/home/kshitij/Unitree_GO2_ws/install/go2_state:/home/kshitij/Unitree_GO2_ws/install/go2_nav:/home/kshitij/Unitree_GO2_ws/install/go2_cruising:/home/kshitij/Unitree_GO2_ws/install/go2_goal_nav:/home/kshitij/Unitree_GO2_ws/install/go2_drive_py:/home/kshitij/Unitree_GO2_ws/install/go2_ctrl:/opt/ros/humble /usr/bin/cmake /home/kshitij/Documents/unitree_go2_house_nav/src/unitree-go2-slam-toolbox/src/base/go2_core -DAMENT_CMAKE_SYMLINK_INSTALL=1 -DCMAKE_INSTALL_PREFIX=/home/kshitij/Documents/unitree_go2_house_nav/install/go2_core
[2.330s] Invoking command in '/home/kshitij/Documents/unitree_go2_house_nav/build/go2_core': CMAKE_PREFIX_PATH=${CMAKE_PREFIX_PATH}:/home/kshitij/Unitree_GO2_ws/install/go2_twist_bridge:/home/kshitij/Unitree_GO2_ws/install/go2_state:/home/kshitij/Unitree_GO2_ws/install/go2_nav:/home/kshitij/Unitree_GO2_ws/install/go2_cruising:/home/kshitij/Unitree_GO2_ws/install/go2_goal_nav:/home/kshitij/Unitree_GO2_ws/install/go2_drive_py:/home/kshitij/Unitree_GO2_ws/install/go2_ctrl:/opt/ros/humble /usr/bin/cmake --build /home/kshitij/Documents/unitree_go2_house_nav/build/go2_core -- -j4 -l4
[2.385s] Invoked command in '/home/kshitij/Documents/unitree_go2_house_nav/build/go2_core' returned '0': CMAKE_PREFIX_PATH=${CMAKE_PREFIX_PATH}:/home/kshitij/Unitree_GO2_ws/install/go2_twist_bridge:/home/kshitij/Unitree_GO2_ws/install/go2_state:/home/kshitij/Unitree_GO2_ws/install/go2_nav:/home/kshitij/Unitree_GO2_ws/install/go2_cruising:/home/kshitij/Unitree_GO2_ws/install/go2_goal_nav:/home/kshitij/Unitree_GO2_ws/install/go2_drive_py:/home/kshitij/Unitree_GO2_ws/install/go2_ctrl:/opt/ros/humble /usr/bin/cmake --build /home/kshitij/Documents/unitree_go2_house_nav/build/go2_core -- -j4 -l4
[2.386s] Invoking command in '/home/kshitij/Documents/unitree_go2_house_nav/build/go2_core': CMAKE_PREFIX_PATH=${CMAKE_PREFIX_PATH}:/home/kshitij/Unitree_GO2_ws/install/go2_twist_bridge:/home/kshitij/Unitree_GO2_ws/install/go2_state:/home/kshitij/Unitree_GO2_ws/install/go2_nav:/home/kshitij/Unitree_GO2_ws/install/go2_cruising:/home/kshitij/Unitree_GO2_ws/install/go2_goal_nav:/home/kshitij/Unitree_GO2_ws/install/go2_drive_py:/home/kshitij/Unitree_GO2_ws/install/go2_ctrl:/opt/ros/humble /usr/bin/cmake --install /home/kshitij/Documents/unitree_go2_house_nav/build/go2_core
[2.396s] -- Install configuration: ""
[2.397s] -- Execute custom install script
[2.399s] -- Symlinking: /home/kshitij/Documents/unitree_go2_house_nav/install/go2_core/share/go2_core/launch/go2_robot_localization.launch.py
[2.415s] -- Symlinking: /home/kshitij/Documents/unitree_go2_house_nav/install/go2_core/share/go2_core/launch/go2_start.launch.py
[2.424s] -- Symlinking: /home/kshitij/Documents/unitree_go2_house_nav/install/go2_core/share/go2_core/rviz2/display.rviz
[2.437s] -- Symlinking: /home/kshitij/Documents/unitree_go2_house_nav/install/go2_core/share/go2_core/config/go2_ekf_params.yaml
[2.450s] -- Symlinking: /home/kshitij/Documents/unitree_go2_house_nav/install/go2_core/share/ament_index/resource_index/package_run_dependencies/go2_core
[2.465s] -- Symlinking: /home/kshitij/Documents/unitree_go2_house_nav/install/go2_core/share/ament_index/resource_index/parent_prefix_path/go2_core
[2.513s] -- Symlinking: /home/kshitij/Documents/unitree_go2_house_nav/install/go2_core/share/go2_core/environment/ament_prefix_path.sh
[2.559s] -- Symlinking: /home/kshitij/Documents/unitree_go2_house_nav/install/go2_core/share/go2_core/environment/ament_prefix_path.dsv
[2.597s] -- Symlinking: /home/kshitij/Documents/unitree_go2_house_nav/install/go2_core/share/go2_core/environment/path.sh
[2.636s] -- Symlinking: /home/kshitij/Documents/unitree_go2_house_nav/install/go2_core/share/go2_core/environment/path.dsv
[2.674s] -- Symlinking: /home/kshitij/Documents/unitree_go2_house_nav/install/go2_core/share/go2_core/local_setup.bash
[2.713s] -- Symlinking: /home/kshitij/Documents/unitree_go2_house_nav/install/go2_core/share/go2_core/local_setup.sh
[2.734s] -- Symlinking: /home/kshitij/Documents/unitree_go2_house_nav/install/go2_core/share/go2_core/local_setup.zsh
[2.754s] -- Symlinking: /home/kshitij/Documents/unitree_go2_house_nav/install/go2_core/share/go2_core/local_setup.dsv
[2.771s] -- Symlinking: /home/kshitij/Documents/unitree_go2_house_nav/install/go2_core/share/go2_core/package.dsv
[2.788s] -- Symlinking: /home/kshitij/Documents/unitree_go2_house_nav/install/go2_core/share/ament_index/resource_index/packages/go2_core
[2.803s] -- Symlinking: /home/kshitij/Documents/unitree_go2_house_nav/install/go2_core/share/go2_core/cmake/go2_coreConfig.cmake
[2.817s] -- Symlinking: /home/kshitij/Documents/unitree_go2_house_nav/install/go2_core/share/go2_core/cmake/go2_coreConfig-version.cmake
[2.835s] -- Symlinking: /home/kshitij/Documents/unitree_go2_house_nav/install/go2_core/share/go2_core/package.xml
[2.855s] Invoked command in '/home/kshitij/Documents/unitree_go2_house_nav/build/go2_core' returned '0': CMAKE_PREFIX_PATH=${CMAKE_PREFIX_PATH}:/home/kshitij/Unitree_GO2_ws/install/go2_twist_bridge:/home/kshitij/Unitree_GO2_ws/install/go2_state:/home/kshitij/Unitree_GO2_ws/install/go2_nav:/home/kshitij/Unitree_GO2_ws/install/go2_cruising:/home/kshitij/Unitree_GO2_ws/install/go2_goal_nav:/home/kshitij/Unitree_GO2_ws/install/go2_drive_py:/home/kshitij/Unitree_GO2_ws/install/go2_ctrl:/opt/ros/humble /usr/bin/cmake --install /home/kshitij/Documents/unitree_go2_house_nav/build/go2_core
