[0.017s] Invoking command in '/home/kshitij/Documents/unitree_go2_house_nav/build/go2_slam': CMAKE_PREFIX_PATH=${CMAKE_PREFIX_PATH}:/home/kshitij/Unitree_GO2_ws/install/go2_twist_bridge:/home/kshitij/Unitree_GO2_ws/install/go2_state:/home/kshitij/Unitree_GO2_ws/install/go2_nav:/home/kshitij/Unitree_GO2_ws/install/go2_cruising:/home/kshitij/Unitree_GO2_ws/install/go2_goal_nav:/home/kshitij/Unitree_GO2_ws/install/go2_drive_py:/home/kshitij/Unitree_GO2_ws/install/go2_ctrl:/opt/ros/humble /usr/bin/cmake /home/kshitij/Documents/unitree_go2_house_nav/src/unitree-go2-slam-toolbox/src/go2_slam -DAMENT_CMAKE_SYMLINK_INSTALL=1 -DCMAKE_INSTALL_PREFIX=/home/kshitij/Documents/unitree_go2_house_nav/install/go2_slam
[0.122s] -- The C compiler identification is GNU 11.4.0
[0.218s] -- The CXX compiler identification is GNU 11.4.0
[0.231s] -- Detecting C compiler ABI info
[0.398s] -- Detecting C compiler ABI info - done
[0.410s] -- Check for working C compiler: /usr/bin/cc - skipped
[0.410s] -- Detecting C compile features
[0.411s] -- Detecting C compile features - done
[0.418s] -- Detecting CXX compiler ABI info
[0.565s] -- Detecting CXX compiler ABI info - done
[0.584s] -- Check for working CXX compiler: /usr/bin/c++ - skipped
[0.584s] -- Detecting CXX compile features
[0.584s] -- Detecting CXX compile features - done
[0.589s] -- Found ament_cmake: 1.3.13 (/opt/ros/humble/share/ament_cmake/cmake)
[1.411s] -- Found Python3: /usr/bin/python3 (found version "3.10.12") found components: Interpreter 
[1.615s] -- Override CMake install command with custom implementation using symlinks instead of copying resources
[1.722s] -- Found ament_lint_auto: 0.12.15 (/opt/ros/humble/share/ament_lint_auto/cmake)
[2.087s] -- Added test 'flake8' to check Python code syntax and style conventions
[2.090s] -- Added test 'lint_cmake' to check CMake code style
[2.099s] -- Added test 'pep257' to check Python code against some of the docstring style conventions in PEP 257
[2.101s] -- Added test 'xmllint' to check XML markup files
[2.112s] -- Configuring done
[2.116s] -- Generating done
[2.121s] -- Build files have been written to: /home/kshitij/Documents/unitree_go2_house_nav/build/go2_slam
[2.138s] Invoked command in '/home/kshitij/Documents/unitree_go2_house_nav/build/go2_slam' returned '0': CMAKE_PREFIX_PATH=${CMAKE_PREFIX_PATH}:/home/kshitij/Unitree_GO2_ws/install/go2_twist_bridge:/home/kshitij/Unitree_GO2_ws/install/go2_state:/home/kshitij/Unitree_GO2_ws/install/go2_nav:/home/kshitij/Unitree_GO2_ws/install/go2_cruising:/home/kshitij/Unitree_GO2_ws/install/go2_goal_nav:/home/kshitij/Unitree_GO2_ws/install/go2_drive_py:/home/kshitij/Unitree_GO2_ws/install/go2_ctrl:/opt/ros/humble /usr/bin/cmake /home/kshitij/Documents/unitree_go2_house_nav/src/unitree-go2-slam-toolbox/src/go2_slam -DAMENT_CMAKE_SYMLINK_INSTALL=1 -DCMAKE_INSTALL_PREFIX=/home/kshitij/Documents/unitree_go2_house_nav/install/go2_slam
[2.139s] Invoking command in '/home/kshitij/Documents/unitree_go2_house_nav/build/go2_slam': CMAKE_PREFIX_PATH=${CMAKE_PREFIX_PATH}:/home/kshitij/Unitree_GO2_ws/install/go2_twist_bridge:/home/kshitij/Unitree_GO2_ws/install/go2_state:/home/kshitij/Unitree_GO2_ws/install/go2_nav:/home/kshitij/Unitree_GO2_ws/install/go2_cruising:/home/kshitij/Unitree_GO2_ws/install/go2_goal_nav:/home/kshitij/Unitree_GO2_ws/install/go2_drive_py:/home/kshitij/Unitree_GO2_ws/install/go2_ctrl:/opt/ros/humble /usr/bin/cmake --build /home/kshitij/Documents/unitree_go2_house_nav/build/go2_slam -- -j4 -l4
[2.244s] Invoked command in '/home/kshitij/Documents/unitree_go2_house_nav/build/go2_slam' returned '0': CMAKE_PREFIX_PATH=${CMAKE_PREFIX_PATH}:/home/kshitij/Unitree_GO2_ws/install/go2_twist_bridge:/home/kshitij/Unitree_GO2_ws/install/go2_state:/home/kshitij/Unitree_GO2_ws/install/go2_nav:/home/kshitij/Unitree_GO2_ws/install/go2_cruising:/home/kshitij/Unitree_GO2_ws/install/go2_goal_nav:/home/kshitij/Unitree_GO2_ws/install/go2_drive_py:/home/kshitij/Unitree_GO2_ws/install/go2_ctrl:/opt/ros/humble /usr/bin/cmake --build /home/kshitij/Documents/unitree_go2_house_nav/build/go2_slam -- -j4 -l4
[2.246s] Invoking command in '/home/kshitij/Documents/unitree_go2_house_nav/build/go2_slam': CMAKE_PREFIX_PATH=${CMAKE_PREFIX_PATH}:/home/kshitij/Unitree_GO2_ws/install/go2_twist_bridge:/home/kshitij/Unitree_GO2_ws/install/go2_state:/home/kshitij/Unitree_GO2_ws/install/go2_nav:/home/kshitij/Unitree_GO2_ws/install/go2_cruising:/home/kshitij/Unitree_GO2_ws/install/go2_goal_nav:/home/kshitij/Unitree_GO2_ws/install/go2_drive_py:/home/kshitij/Unitree_GO2_ws/install/go2_ctrl:/opt/ros/humble /usr/bin/cmake --install /home/kshitij/Documents/unitree_go2_house_nav/build/go2_slam
[2.260s] -- Install configuration: ""
[2.261s] -- Execute custom install script
[2.262s] -- Symlinking: /home/kshitij/Documents/unitree_go2_house_nav/install/go2_slam/share/go2_slam/launch/go2_slamtoolbox.launch.py
[2.287s] -- Symlinking: /home/kshitij/Documents/unitree_go2_house_nav/install/go2_slam/share/go2_slam/config/mapper_params_online_async.yaml
[2.310s] -- Symlinking: /home/kshitij/Documents/unitree_go2_house_nav/install/go2_slam/share/ament_index/resource_index/package_run_dependencies/go2_slam
[2.328s] -- Symlinking: /home/kshitij/Documents/unitree_go2_house_nav/install/go2_slam/share/ament_index/resource_index/parent_prefix_path/go2_slam
[2.352s] -- Symlinking: /home/kshitij/Documents/unitree_go2_house_nav/install/go2_slam/share/go2_slam/environment/ament_prefix_path.sh
[2.384s] -- Symlinking: /home/kshitij/Documents/unitree_go2_house_nav/install/go2_slam/share/go2_slam/environment/ament_prefix_path.dsv
[2.409s] -- Symlinking: /home/kshitij/Documents/unitree_go2_house_nav/install/go2_slam/share/go2_slam/environment/path.sh
[2.432s] -- Symlinking: /home/kshitij/Documents/unitree_go2_house_nav/install/go2_slam/share/go2_slam/environment/path.dsv
[2.460s] -- Symlinking: /home/kshitij/Documents/unitree_go2_house_nav/install/go2_slam/share/go2_slam/local_setup.bash
[2.484s] -- Symlinking: /home/kshitij/Documents/unitree_go2_house_nav/install/go2_slam/share/go2_slam/local_setup.sh
[2.511s] -- Symlinking: /home/kshitij/Documents/unitree_go2_house_nav/install/go2_slam/share/go2_slam/local_setup.zsh
[2.545s] -- Symlinking: /home/kshitij/Documents/unitree_go2_house_nav/install/go2_slam/share/go2_slam/local_setup.dsv
[2.562s] -- Symlinking: /home/kshitij/Documents/unitree_go2_house_nav/install/go2_slam/share/go2_slam/package.dsv
[2.632s] -- Symlinking: /home/kshitij/Documents/unitree_go2_house_nav/install/go2_slam/share/ament_index/resource_index/packages/go2_slam
[2.663s] -- Symlinking: /home/kshitij/Documents/unitree_go2_house_nav/install/go2_slam/share/go2_slam/cmake/go2_slamConfig.cmake
[2.695s] -- Symlinking: /home/kshitij/Documents/unitree_go2_house_nav/install/go2_slam/share/go2_slam/cmake/go2_slamConfig-version.cmake
[2.751s] -- Symlinking: /home/kshitij/Documents/unitree_go2_house_nav/install/go2_slam/share/go2_slam/package.xml
[2.809s] Invoked command in '/home/kshitij/Documents/unitree_go2_house_nav/build/go2_slam' returned '0': CMAKE_PREFIX_PATH=${CMAKE_PREFIX_PATH}:/home/kshitij/Unitree_GO2_ws/install/go2_twist_bridge:/home/kshitij/Unitree_GO2_ws/install/go2_state:/home/kshitij/Unitree_GO2_ws/install/go2_nav:/home/kshitij/Unitree_GO2_ws/install/go2_cruising:/home/kshitij/Unitree_GO2_ws/install/go2_goal_nav:/home/kshitij/Unitree_GO2_ws/install/go2_drive_py:/home/kshitij/Unitree_GO2_ws/install/go2_ctrl:/opt/ros/humble /usr/bin/cmake --install /home/kshitij/Documents/unitree_go2_house_nav/build/go2_slam
