[0.031s] Invoking command in '/home/kshitij/Documents/unitree_go2_house_nav/build/go2_twist_bridge': CMAKE_PREFIX_PATH=${CMAKE_PREFIX_PATH}:/home/kshitij/Unitree_GO2_ws/install/go2_twist_bridge:/home/kshitij/Unitree_GO2_ws/install/go2_state:/home/kshitij/Unitree_GO2_ws/install/go2_nav:/home/kshitij/Unitree_GO2_ws/install/go2_cruising:/home/kshitij/Unitree_GO2_ws/install/go2_goal_nav:/home/kshitij/Unitree_GO2_ws/install/go2_drive_py:/home/kshitij/Unitree_GO2_ws/install/go2_ctrl:/opt/ros/humble /usr/bin/cmake /home/kshitij/Documents/unitree_go2_house_nav/src/unitree-go2-slam-toolbox/src/base/go2_twist_bridge -DAMENT_CMAKE_SYMLINK_INSTALL=1 -DCMAKE_INSTALL_PREFIX=/home/kshitij/Documents/unitree_go2_house_nav/install/go2_twist_bridge
[0.121s] -- The C compiler identification is GNU 11.4.0
[0.223s] -- The CXX compiler identification is GNU 11.4.0
[0.245s] -- Detecting C compiler ABI info
[0.418s] -- Detecting C compiler ABI info - done
[0.445s] -- Check for working C compiler: /usr/bin/cc - skipped
[0.445s] -- Detecting C compile features
[0.446s] -- Detecting C compile features - done
[0.459s] -- Detecting CXX compiler ABI info
[0.721s] -- Detecting CXX compiler ABI info - done
[0.752s] -- Check for working CXX compiler: /usr/bin/c++ - skipped
[0.753s] -- Detecting CXX compile features
[0.761s] -- Detecting CXX compile features - done
[0.768s] -- Found ament_cmake: 1.3.13 (/opt/ros/humble/share/ament_cmake/cmake)
[1.652s] -- Found Python3: /usr/bin/python3 (found version "3.10.12") found components: Interpreter 
[2.030s] -- Override CMake install command with custom implementation using symlinks instead of copying resources
[2.124s] -- Found rclcpp: 16.0.18 (/opt/ros/humble/share/rclcpp/cmake)
[2.271s] -- Found rosidl_generator_c: 3.1.8 (/opt/ros/humble/share/rosidl_generator_c/cmake)
[2.294s] -- Found rosidl_adapter: 3.1.8 (/opt/ros/humble/share/rosidl_adapter/cmake)
[2.327s] -- Found rosidl_generator_cpp: 3.1.8 (/opt/ros/humble/share/rosidl_generator_cpp/cmake)
[2.376s] -- Using all available rosidl_typesupport_c: rosidl_typesupport_fastrtps_c;rosidl_typesupport_introspection_c
[2.464s] -- Using all available rosidl_typesupport_cpp: rosidl_typesupport_fastrtps_cpp;rosidl_typesupport_introspection_cpp
[2.727s] -- Found rmw_implementation_cmake: 6.1.2 (/opt/ros/humble/share/rmw_implementation_cmake/cmake)
[2.737s] -- Found rmw_cyclonedds_cpp: 1.3.4 (/home/kshitij/unitree_ros2/cyclonedds_ws/install/rmw_cyclonedds_cpp/share/rmw_cyclonedds_cpp/cmake)
[2.804s] -- Using RMW implementation 'rmw_cyclonedds_cpp' as default
[2.846s] -- Looking for pthread.h
[3.157s] -- Looking for pthread.h - found
[3.162s] -- Performing Test CMAKE_HAVE_LIBC_PTHREAD
[3.400s] -- Performing Test CMAKE_HAVE_LIBC_PTHREAD - Success
[3.404s] -- Found Threads: TRUE  
[3.499s] -- Found geometry_msgs: 4.9.1 (/opt/ros/humble/share/geometry_msgs/cmake)
[3.522s] -- Found unitree_api: 0.0.0 (/home/kshitij/unitree_ros2/cyclonedds_ws/install/unitree_api/share/unitree_api/cmake)
[3.558s] -- Found ament_lint_auto: 0.12.15 (/opt/ros/humble/share/ament_lint_auto/cmake)
[3.759s] -- Added test 'cppcheck' to perform static code analysis on C / C++ code
[3.760s] -- Configured cppcheck include dirs: $<BUILD_INTERFACE:/home/kshitij/Documents/unitree_go2_house_nav/src/unitree-go2-slam-toolbox/src/base/go2_twist_bridge/include>
[3.765s] -- Configured cppcheck exclude dirs and/or files: 
[3.771s] -- Added test 'lint_cmake' to check CMake code style
[3.776s] -- Added test 'uncrustify' to check C / C++ code style
[3.777s] -- Configured uncrustify additional arguments: 
[3.779s] -- Added test 'xmllint' to check XML markup files
[3.788s] -- Configuring done
[3.820s] -- Generating done
[3.833s] -- Build files have been written to: /home/kshitij/Documents/unitree_go2_house_nav/build/go2_twist_bridge
[3.849s] Invoked command in '/home/kshitij/Documents/unitree_go2_house_nav/build/go2_twist_bridge' returned '0': CMAKE_PREFIX_PATH=${CMAKE_PREFIX_PATH}:/home/kshitij/Unitree_GO2_ws/install/go2_twist_bridge:/home/kshitij/Unitree_GO2_ws/install/go2_state:/home/kshitij/Unitree_GO2_ws/install/go2_nav:/home/kshitij/Unitree_GO2_ws/install/go2_cruising:/home/kshitij/Unitree_GO2_ws/install/go2_goal_nav:/home/kshitij/Unitree_GO2_ws/install/go2_drive_py:/home/kshitij/Unitree_GO2_ws/install/go2_ctrl:/opt/ros/humble /usr/bin/cmake /home/kshitij/Documents/unitree_go2_house_nav/src/unitree-go2-slam-toolbox/src/base/go2_twist_bridge -DAMENT_CMAKE_SYMLINK_INSTALL=1 -DCMAKE_INSTALL_PREFIX=/home/kshitij/Documents/unitree_go2_house_nav/install/go2_twist_bridge
[3.850s] Invoking command in '/home/kshitij/Documents/unitree_go2_house_nav/build/go2_twist_bridge': CMAKE_PREFIX_PATH=${CMAKE_PREFIX_PATH}:/home/kshitij/Unitree_GO2_ws/install/go2_twist_bridge:/home/kshitij/Unitree_GO2_ws/install/go2_state:/home/kshitij/Unitree_GO2_ws/install/go2_nav:/home/kshitij/Unitree_GO2_ws/install/go2_cruising:/home/kshitij/Unitree_GO2_ws/install/go2_goal_nav:/home/kshitij/Unitree_GO2_ws/install/go2_drive_py:/home/kshitij/Unitree_GO2_ws/install/go2_ctrl:/opt/ros/humble /usr/bin/cmake --build /home/kshitij/Documents/unitree_go2_house_nav/build/go2_twist_bridge -- -j4 -l4
[3.982s] [ 50%] [32mBuilding CXX object CMakeFiles/twist_bridge.dir/src/twist_bridge.cpp.o[0m
[32.995s] [100%] [32m[1mLinking CXX executable twist_bridge[0m
[33.813s] [100%] Built target twist_bridge
[33.826s] Invoked command in '/home/kshitij/Documents/unitree_go2_house_nav/build/go2_twist_bridge' returned '0': CMAKE_PREFIX_PATH=${CMAKE_PREFIX_PATH}:/home/kshitij/Unitree_GO2_ws/install/go2_twist_bridge:/home/kshitij/Unitree_GO2_ws/install/go2_state:/home/kshitij/Unitree_GO2_ws/install/go2_nav:/home/kshitij/Unitree_GO2_ws/install/go2_cruising:/home/kshitij/Unitree_GO2_ws/install/go2_goal_nav:/home/kshitij/Unitree_GO2_ws/install/go2_drive_py:/home/kshitij/Unitree_GO2_ws/install/go2_ctrl:/opt/ros/humble /usr/bin/cmake --build /home/kshitij/Documents/unitree_go2_house_nav/build/go2_twist_bridge -- -j4 -l4
[33.829s] Invoking command in '/home/kshitij/Documents/unitree_go2_house_nav/build/go2_twist_bridge': CMAKE_PREFIX_PATH=${CMAKE_PREFIX_PATH}:/home/kshitij/Unitree_GO2_ws/install/go2_twist_bridge:/home/kshitij/Unitree_GO2_ws/install/go2_state:/home/kshitij/Unitree_GO2_ws/install/go2_nav:/home/kshitij/Unitree_GO2_ws/install/go2_cruising:/home/kshitij/Unitree_GO2_ws/install/go2_goal_nav:/home/kshitij/Unitree_GO2_ws/install/go2_drive_py:/home/kshitij/Unitree_GO2_ws/install/go2_ctrl:/opt/ros/humble /usr/bin/cmake --install /home/kshitij/Documents/unitree_go2_house_nav/build/go2_twist_bridge
[33.838s] -- Install configuration: ""
[33.839s] -- Execute custom install script
[33.840s] -- Symlinking: /home/kshitij/Documents/unitree_go2_house_nav/install/go2_twist_bridge/lib/go2_twist_bridge/twist_bridge
[33.851s] -- Symlinking: /home/kshitij/Documents/unitree_go2_house_nav/install/go2_twist_bridge/share/ament_index/resource_index/package_run_dependencies/go2_twist_bridge
[33.863s] -- Symlinking: /home/kshitij/Documents/unitree_go2_house_nav/install/go2_twist_bridge/share/ament_index/resource_index/parent_prefix_path/go2_twist_bridge
[33.875s] -- Symlinking: /home/kshitij/Documents/unitree_go2_house_nav/install/go2_twist_bridge/share/go2_twist_bridge/environment/ament_prefix_path.sh
[33.887s] -- Symlinking: /home/kshitij/Documents/unitree_go2_house_nav/install/go2_twist_bridge/share/go2_twist_bridge/environment/ament_prefix_path.dsv
[33.898s] -- Symlinking: /home/kshitij/Documents/unitree_go2_house_nav/install/go2_twist_bridge/share/go2_twist_bridge/environment/path.sh
[33.909s] -- Symlinking: /home/kshitij/Documents/unitree_go2_house_nav/install/go2_twist_bridge/share/go2_twist_bridge/environment/path.dsv
[33.921s] -- Symlinking: /home/kshitij/Documents/unitree_go2_house_nav/install/go2_twist_bridge/share/go2_twist_bridge/local_setup.bash
[33.932s] -- Symlinking: /home/kshitij/Documents/unitree_go2_house_nav/install/go2_twist_bridge/share/go2_twist_bridge/local_setup.sh
[33.943s] -- Symlinking: /home/kshitij/Documents/unitree_go2_house_nav/install/go2_twist_bridge/share/go2_twist_bridge/local_setup.zsh
[33.954s] -- Symlinking: /home/kshitij/Documents/unitree_go2_house_nav/install/go2_twist_bridge/share/go2_twist_bridge/local_setup.dsv
[33.966s] -- Symlinking: /home/kshitij/Documents/unitree_go2_house_nav/install/go2_twist_bridge/share/go2_twist_bridge/package.dsv
[33.978s] -- Symlinking: /home/kshitij/Documents/unitree_go2_house_nav/install/go2_twist_bridge/share/ament_index/resource_index/packages/go2_twist_bridge
[33.991s] -- Symlinking: /home/kshitij/Documents/unitree_go2_house_nav/install/go2_twist_bridge/share/go2_twist_bridge/cmake/go2_twist_bridgeConfig.cmake
[34.001s] -- Symlinking: /home/kshitij/Documents/unitree_go2_house_nav/install/go2_twist_bridge/share/go2_twist_bridge/cmake/go2_twist_bridgeConfig-version.cmake
[34.013s] -- Symlinking: /home/kshitij/Documents/unitree_go2_house_nav/install/go2_twist_bridge/share/go2_twist_bridge/package.xml
[34.027s] Invoked command in '/home/kshitij/Documents/unitree_go2_house_nav/build/go2_twist_bridge' returned '0': CMAKE_PREFIX_PATH=${CMAKE_PREFIX_PATH}:/home/kshitij/Unitree_GO2_ws/install/go2_twist_bridge:/home/kshitij/Unitree_GO2_ws/install/go2_state:/home/kshitij/Unitree_GO2_ws/install/go2_nav:/home/kshitij/Unitree_GO2_ws/install/go2_cruising:/home/kshitij/Unitree_GO2_ws/install/go2_goal_nav:/home/kshitij/Unitree_GO2_ws/install/go2_drive_py:/home/kshitij/Unitree_GO2_ws/install/go2_ctrl:/opt/ros/humble /usr/bin/cmake --install /home/kshitij/Documents/unitree_go2_house_nav/build/go2_twist_bridge
