[0.014s] Invoking command in '/home/kshitij/Documents/unitree_go2_house_nav/build/go2_perception': CMAKE_PREFIX_PATH=${CMAKE_PREFIX_PATH}:/home/kshitij/Unitree_GO2_ws/install/go2_twist_bridge:/home/kshitij/Unitree_GO2_ws/install/go2_state:/home/kshitij/Unitree_GO2_ws/install/go2_nav:/home/kshitij/Unitree_GO2_ws/install/go2_cruising:/home/kshitij/Unitree_GO2_ws/install/go2_goal_nav:/home/kshitij/Unitree_GO2_ws/install/go2_drive_py:/home/kshitij/Unitree_GO2_ws/install/go2_ctrl:/opt/ros/humble /usr/bin/cmake /home/kshitij/Documents/unitree_go2_house_nav/src/unitree-go2-slam-toolbox/src/go2_perception -DAMENT_CMAKE_SYMLINK_INSTALL=1 -DCMAKE_INSTALL_PREFIX=/home/kshitij/Documents/unitree_go2_house_nav/install/go2_perception
[0.119s] -- The C compiler identification is GNU 11.4.0
[0.229s] -- The CXX compiler identification is GNU 11.4.0
[0.250s] -- Detecting C compiler ABI info
[0.482s] -- Detecting C compiler ABI info - done
[0.509s] -- Check for working C compiler: /usr/bin/cc - skipped
[0.509s] -- Detecting C compile features
[0.513s] -- Detecting C compile features - done
[0.521s] -- Detecting CXX compiler ABI info
[0.654s] -- Detecting CXX compiler ABI info - done
[0.679s] -- Check for working CXX compiler: /usr/bin/c++ - skipped
[0.688s] -- Detecting CXX compile features
[0.688s] -- Detecting CXX compile features - done
[0.688s] -- Found ament_cmake: 1.3.13 (/opt/ros/humble/share/ament_cmake/cmake)
[1.033s] -- Found Python3: /usr/bin/python3 (found version "3.10.12") found components: Interpreter 
[1.167s] -- Override CMake install command with custom implementation using symlinks instead of copying resources
[1.230s] -- Found laser_geometry: 2.4.1 (/opt/ros/humble/share/laser_geometry/cmake)
[1.410s] -- Found rosidl_generator_c: 3.1.8 (/opt/ros/humble/share/rosidl_generator_c/cmake)
[1.422s] -- Found rosidl_adapter: 3.1.8 (/opt/ros/humble/share/rosidl_adapter/cmake)
[1.437s] -- Found rosidl_generator_cpp: 3.1.8 (/opt/ros/humble/share/rosidl_generator_cpp/cmake)
[1.463s] -- Using all available rosidl_typesupport_c: rosidl_typesupport_fastrtps_c;rosidl_typesupport_introspection_c
[1.491s] -- Using all available rosidl_typesupport_cpp: rosidl_typesupport_fastrtps_cpp;rosidl_typesupport_introspection_cpp
[1.580s] -- Found rmw_implementation_cmake: 6.1.2 (/opt/ros/humble/share/rmw_implementation_cmake/cmake)
[1.581s] -- Found rmw_cyclonedds_cpp: 1.3.4 (/home/kshitij/unitree_ros2/cyclonedds_ws/install/rmw_cyclonedds_cpp/share/rmw_cyclonedds_cpp/cmake)
[1.614s] -- Using RMW implementation 'rmw_cyclonedds_cpp' as default
[1.635s] -- Looking for pthread.h
[1.954s] -- Looking for pthread.h - found
[1.960s] -- Performing Test CMAKE_HAVE_LIBC_PTHREAD
[2.194s] -- Performing Test CMAKE_HAVE_LIBC_PTHREAD - Success
[2.201s] -- Found Threads: TRUE  
[2.570s] -- Found message_filters: 4.3.14 (/opt/ros/humble/share/message_filters/cmake)
[2.581s] -- Found rclcpp_components: 16.0.18 (/opt/ros/humble/share/rclcpp_components/cmake)
[2.706s] -- Found tf2_ros: 0.25.19 (/opt/ros/humble/share/tf2_ros/cmake)
[2.893s] -- Found tf2_sensor_msgs: 0.25.19 (/opt/ros/humble/share/tf2_sensor_msgs/cmake)
[2.979s] -- Found ament_lint_auto: 0.12.15 (/opt/ros/humble/share/ament_lint_auto/cmake)
[3.377s] -- Added test 'copyright' to check source files copyright and LICENSE
[3.381s] -- Added test 'cppcheck' to perform static code analysis on C / C++ code
[3.383s] -- Configured cppcheck include dirs: /home/kshitij/Documents/unitree_go2_house_nav/src/unitree-go2-slam-toolbox/src/go2_perception/include
[3.389s] -- Configured cppcheck exclude dirs and/or files: 
[3.393s] -- Added test 'cpplint' to check C / C++ code against the Google style
[3.393s] -- Configured cpplint exclude dirs and/or files: 
[3.400s] -- Added test 'flake8' to check Python code syntax and style conventions
[3.408s] -- Added test 'lint_cmake' to check CMake code style
[3.412s] -- Added test 'pep257' to check Python code against some of the docstring style conventions in PEP 257
[3.422s] -- Added test 'uncrustify' to check C / C++ code style
[3.422s] -- Configured uncrustify additional arguments: 
[3.423s] -- Added test 'xmllint' to check XML markup files
[3.430s] -- Configuring done
[3.547s] -- Generating done
[3.576s] -- Build files have been written to: /home/kshitij/Documents/unitree_go2_house_nav/build/go2_perception
[3.626s] Invoked command in '/home/kshitij/Documents/unitree_go2_house_nav/build/go2_perception' returned '0': CMAKE_PREFIX_PATH=${CMAKE_PREFIX_PATH}:/home/kshitij/Unitree_GO2_ws/install/go2_twist_bridge:/home/kshitij/Unitree_GO2_ws/install/go2_state:/home/kshitij/Unitree_GO2_ws/install/go2_nav:/home/kshitij/Unitree_GO2_ws/install/go2_cruising:/home/kshitij/Unitree_GO2_ws/install/go2_goal_nav:/home/kshitij/Unitree_GO2_ws/install/go2_drive_py:/home/kshitij/Unitree_GO2_ws/install/go2_ctrl:/opt/ros/humble /usr/bin/cmake /home/kshitij/Documents/unitree_go2_house_nav/src/unitree-go2-slam-toolbox/src/go2_perception -DAMENT_CMAKE_SYMLINK_INSTALL=1 -DCMAKE_INSTALL_PREFIX=/home/kshitij/Documents/unitree_go2_house_nav/install/go2_perception
[3.636s] Invoking command in '/home/kshitij/Documents/unitree_go2_house_nav/build/go2_perception': CMAKE_PREFIX_PATH=${CMAKE_PREFIX_PATH}:/home/kshitij/Unitree_GO2_ws/install/go2_twist_bridge:/home/kshitij/Unitree_GO2_ws/install/go2_state:/home/kshitij/Unitree_GO2_ws/install/go2_nav:/home/kshitij/Unitree_GO2_ws/install/go2_cruising:/home/kshitij/Unitree_GO2_ws/install/go2_goal_nav:/home/kshitij/Unitree_GO2_ws/install/go2_drive_py:/home/kshitij/Unitree_GO2_ws/install/go2_ctrl:/opt/ros/humble /usr/bin/cmake --build /home/kshitij/Documents/unitree_go2_house_nav/build/go2_perception -- -j4 -l4
[3.784s] [ 16%] [32mBuilding CXX object CMakeFiles/pointcloud_to_laserscan.dir/src/pointcloud_to_laserscan_node.cpp.o[0m
[3.799s] [ 33%] [32mBuilding CXX object CMakeFiles/cloud_accumulation.dir/src/cloud_accumulation.cpp.o[0m
[3.815s] [ 50%] [32mBuilding CXX object CMakeFiles/pointcloud_to_laserscan_node.dir/rclcpp_components/node_main_pointcloud_to_laserscan_node.cpp.o[0m
[13.932s] [ 66%] [32m[1mLinking CXX executable pointcloud_to_laserscan_node[0m
[14.542s] [ 66%] Built target pointcloud_to_laserscan_node
[29.767s] [ 83%] [32m[1mLinking CXX executable cloud_accumulation[0m
[31.445s] [ 83%] Built target cloud_accumulation
[36.720s] [100%] [32m[1mLinking CXX shared library libpointcloud_to_laserscan.so[0m
[37.797s] [100%] Built target pointcloud_to_laserscan
[37.807s] Invoked command in '/home/kshitij/Documents/unitree_go2_house_nav/build/go2_perception' returned '0': CMAKE_PREFIX_PATH=${CMAKE_PREFIX_PATH}:/home/kshitij/Unitree_GO2_ws/install/go2_twist_bridge:/home/kshitij/Unitree_GO2_ws/install/go2_state:/home/kshitij/Unitree_GO2_ws/install/go2_nav:/home/kshitij/Unitree_GO2_ws/install/go2_cruising:/home/kshitij/Unitree_GO2_ws/install/go2_goal_nav:/home/kshitij/Unitree_GO2_ws/install/go2_drive_py:/home/kshitij/Unitree_GO2_ws/install/go2_ctrl:/opt/ros/humble /usr/bin/cmake --build /home/kshitij/Documents/unitree_go2_house_nav/build/go2_perception -- -j4 -l4
[37.809s] Invoking command in '/home/kshitij/Documents/unitree_go2_house_nav/build/go2_perception': CMAKE_PREFIX_PATH=${CMAKE_PREFIX_PATH}:/home/kshitij/Unitree_GO2_ws/install/go2_twist_bridge:/home/kshitij/Unitree_GO2_ws/install/go2_state:/home/kshitij/Unitree_GO2_ws/install/go2_nav:/home/kshitij/Unitree_GO2_ws/install/go2_cruising:/home/kshitij/Unitree_GO2_ws/install/go2_goal_nav:/home/kshitij/Unitree_GO2_ws/install/go2_drive_py:/home/kshitij/Unitree_GO2_ws/install/go2_ctrl:/opt/ros/humble /usr/bin/cmake --install /home/kshitij/Documents/unitree_go2_house_nav/build/go2_perception
[37.815s] -- Install configuration: ""
[37.816s] -- Execute custom install script
[37.817s] -- Symlinking: /home/kshitij/Documents/unitree_go2_house_nav/install/go2_perception/lib/go2_perception/pointcloud_to_laserscan_node
[37.825s] -- Symlinking: /home/kshitij/Documents/unitree_go2_house_nav/install/go2_perception/lib/libpointcloud_to_laserscan.so
[37.832s] -- Symlinking: /home/kshitij/Documents/unitree_go2_house_nav/install/go2_perception/lib/go2_perception/cloud_accumulation
[37.840s] -- Symlinking: /home/kshitij/Documents/unitree_go2_house_nav/install/go2_perception/share/go2_perception/launch/go2_pointcloud.launch.py
[37.848s] -- Symlinking: /home/kshitij/Documents/unitree_go2_house_nav/install/go2_perception/share/ament_index/resource_index/package_run_dependencies/go2_perception
[37.857s] -- Symlinking: /home/kshitij/Documents/unitree_go2_house_nav/install/go2_perception/share/ament_index/resource_index/parent_prefix_path/go2_perception
[37.866s] -- Symlinking: /home/kshitij/Documents/unitree_go2_house_nav/install/go2_perception/share/go2_perception/environment/ament_prefix_path.sh
[37.876s] -- Symlinking: /home/kshitij/Documents/unitree_go2_house_nav/install/go2_perception/share/go2_perception/environment/ament_prefix_path.dsv
[37.886s] -- Symlinking: /home/kshitij/Documents/unitree_go2_house_nav/install/go2_perception/share/go2_perception/environment/path.sh
[37.897s] -- Symlinking: /home/kshitij/Documents/unitree_go2_house_nav/install/go2_perception/share/go2_perception/environment/path.dsv
[37.907s] -- Symlinking: /home/kshitij/Documents/unitree_go2_house_nav/install/go2_perception/share/go2_perception/local_setup.bash
[37.921s] -- Symlinking: /home/kshitij/Documents/unitree_go2_house_nav/install/go2_perception/share/go2_perception/local_setup.sh
[37.932s] -- Symlinking: /home/kshitij/Documents/unitree_go2_house_nav/install/go2_perception/share/go2_perception/local_setup.zsh
[37.942s] -- Symlinking: /home/kshitij/Documents/unitree_go2_house_nav/install/go2_perception/share/go2_perception/local_setup.dsv
[37.950s] -- Symlinking: /home/kshitij/Documents/unitree_go2_house_nav/install/go2_perception/share/go2_perception/package.dsv
[37.958s] -- Symlinking: /home/kshitij/Documents/unitree_go2_house_nav/install/go2_perception/share/ament_index/resource_index/packages/go2_perception
[37.967s] -- Symlinking: /home/kshitij/Documents/unitree_go2_house_nav/install/go2_perception/share/ament_index/resource_index/rclcpp_components/go2_perception
[37.976s] -- Symlinking: /home/kshitij/Documents/unitree_go2_house_nav/install/go2_perception/share/go2_perception/cmake/go2_perceptionConfig.cmake
[37.984s] -- Symlinking: /home/kshitij/Documents/unitree_go2_house_nav/install/go2_perception/share/go2_perception/cmake/go2_perceptionConfig-version.cmake
[37.992s] -- Symlinking: /home/kshitij/Documents/unitree_go2_house_nav/install/go2_perception/share/go2_perception/package.xml
[38.001s] Invoked command in '/home/kshitij/Documents/unitree_go2_house_nav/build/go2_perception' returned '0': CMAKE_PREFIX_PATH=${CMAKE_PREFIX_PATH}:/home/kshitij/Unitree_GO2_ws/install/go2_twist_bridge:/home/kshitij/Unitree_GO2_ws/install/go2_state:/home/kshitij/Unitree_GO2_ws/install/go2_nav:/home/kshitij/Unitree_GO2_ws/install/go2_cruising:/home/kshitij/Unitree_GO2_ws/install/go2_goal_nav:/home/kshitij/Unitree_GO2_ws/install/go2_drive_py:/home/kshitij/Unitree_GO2_ws/install/go2_ctrl:/opt/ros/humble /usr/bin/cmake --install /home/kshitij/Documents/unitree_go2_house_nav/build/go2_perception
