[0.022s] Invoking command in '/home/kshitij/Documents/unitree_go2_house_nav/build/go2_description': CMAKE_PREFIX_PATH=${CMAKE_PREFIX_PATH}:/home/kshitij/Unitree_GO2_ws/install/go2_twist_bridge:/home/kshitij/Unitree_GO2_ws/install/go2_state:/home/kshitij/Unitree_GO2_ws/install/go2_nav:/home/kshitij/Unitree_GO2_ws/install/go2_cruising:/home/kshitij/Unitree_GO2_ws/install/go2_goal_nav:/home/kshitij/Unitree_GO2_ws/install/go2_drive_py:/home/kshitij/Unitree_GO2_ws/install/go2_ctrl:/opt/ros/humble /usr/bin/cmake /home/kshitij/Documents/unitree_go2_house_nav/src/unitree-go2-slam-toolbox/src/go2_description -DAMENT_CMAKE_SYMLINK_INSTALL=1 -DCMAKE_INSTALL_PREFIX=/home/kshitij/Documents/unitree_go2_house_nav/install/go2_description
[0.154s] -- The C compiler identification is GNU 11.4.0
[0.286s] -- The CXX compiler identification is GNU 11.4.0
[0.300s] -- Detecting C compiler ABI info
[0.425s] -- Detecting C compiler ABI info - done
[0.437s] -- Check for working C compiler: /usr/bin/cc - skipped
[0.437s] -- Detecting C compile features
[0.438s] -- Detecting C compile features - done
[0.442s] -- Detecting CXX compiler ABI info
[0.568s] -- Detecting CXX compiler ABI info - done
[0.583s] -- Check for working CXX compiler: /usr/bin/c++ - skipped
[0.583s] -- Detecting CXX compile features
[0.584s] -- Detecting CXX compile features - done
[0.603s] -- Found ament_cmake: 1.3.13 (/opt/ros/humble/share/ament_cmake/cmake)
[0.947s] -- Found Python3: /usr/bin/python3 (found version "3.10.12") found components: Interpreter 
[1.070s] -- Override CMake install command with custom implementation using symlinks instead of copying resources
[1.120s] -- Found ament_lint_auto: 0.12.15 (/opt/ros/humble/share/ament_lint_auto/cmake)
[1.303s] -- Added test 'flake8' to check Python code syntax and style conventions
[1.305s] -- Added test 'lint_cmake' to check CMake code style
[1.305s] -- Added test 'pep257' to check Python code against some of the docstring style conventions in PEP 257
[1.308s] -- Added test 'xmllint' to check XML markup files
[1.317s] -- Configuring done
[1.317s] -- Generating done
[1.317s] -- Build files have been written to: /home/kshitij/Documents/unitree_go2_house_nav/build/go2_description
[1.325s] Invoked command in '/home/kshitij/Documents/unitree_go2_house_nav/build/go2_description' returned '0': CMAKE_PREFIX_PATH=${CMAKE_PREFIX_PATH}:/home/kshitij/Unitree_GO2_ws/install/go2_twist_bridge:/home/kshitij/Unitree_GO2_ws/install/go2_state:/home/kshitij/Unitree_GO2_ws/install/go2_nav:/home/kshitij/Unitree_GO2_ws/install/go2_cruising:/home/kshitij/Unitree_GO2_ws/install/go2_goal_nav:/home/kshitij/Unitree_GO2_ws/install/go2_drive_py:/home/kshitij/Unitree_GO2_ws/install/go2_ctrl:/opt/ros/humble /usr/bin/cmake /home/kshitij/Documents/unitree_go2_house_nav/src/unitree-go2-slam-toolbox/src/go2_description -DAMENT_CMAKE_SYMLINK_INSTALL=1 -DCMAKE_INSTALL_PREFIX=/home/kshitij/Documents/unitree_go2_house_nav/install/go2_description
[1.326s] Invoking command in '/home/kshitij/Documents/unitree_go2_house_nav/build/go2_description': CMAKE_PREFIX_PATH=${CMAKE_PREFIX_PATH}:/home/kshitij/Unitree_GO2_ws/install/go2_twist_bridge:/home/kshitij/Unitree_GO2_ws/install/go2_state:/home/kshitij/Unitree_GO2_ws/install/go2_nav:/home/kshitij/Unitree_GO2_ws/install/go2_cruising:/home/kshitij/Unitree_GO2_ws/install/go2_goal_nav:/home/kshitij/Unitree_GO2_ws/install/go2_drive_py:/home/kshitij/Unitree_GO2_ws/install/go2_ctrl:/opt/ros/humble /usr/bin/cmake --build /home/kshitij/Documents/unitree_go2_house_nav/build/go2_description -- -j4 -l4
[1.383s] Invoked command in '/home/kshitij/Documents/unitree_go2_house_nav/build/go2_description' returned '0': CMAKE_PREFIX_PATH=${CMAKE_PREFIX_PATH}:/home/kshitij/Unitree_GO2_ws/install/go2_twist_bridge:/home/kshitij/Unitree_GO2_ws/install/go2_state:/home/kshitij/Unitree_GO2_ws/install/go2_nav:/home/kshitij/Unitree_GO2_ws/install/go2_cruising:/home/kshitij/Unitree_GO2_ws/install/go2_goal_nav:/home/kshitij/Unitree_GO2_ws/install/go2_drive_py:/home/kshitij/Unitree_GO2_ws/install/go2_ctrl:/opt/ros/humble /usr/bin/cmake --build /home/kshitij/Documents/unitree_go2_house_nav/build/go2_description -- -j4 -l4
[1.396s] Invoking command in '/home/kshitij/Documents/unitree_go2_house_nav/build/go2_description': CMAKE_PREFIX_PATH=${CMAKE_PREFIX_PATH}:/home/kshitij/Unitree_GO2_ws/install/go2_twist_bridge:/home/kshitij/Unitree_GO2_ws/install/go2_state:/home/kshitij/Unitree_GO2_ws/install/go2_nav:/home/kshitij/Unitree_GO2_ws/install/go2_cruising:/home/kshitij/Unitree_GO2_ws/install/go2_goal_nav:/home/kshitij/Unitree_GO2_ws/install/go2_drive_py:/home/kshitij/Unitree_GO2_ws/install/go2_ctrl:/opt/ros/humble /usr/bin/cmake --install /home/kshitij/Documents/unitree_go2_house_nav/build/go2_description
[1.403s] -- Install configuration: ""
[1.403s] -- Execute custom install script
[1.404s] -- Symlinking: /home/kshitij/Documents/unitree_go2_house_nav/install/go2_description/share/go2_description/launch/display.launch.py
[1.417s] -- Symlinking: /home/kshitij/Documents/unitree_go2_house_nav/install/go2_description/share/go2_description/urdf/.history/go2_description_20230904144240.urdf
[1.428s] -- Symlinking: /home/kshitij/Documents/unitree_go2_house_nav/install/go2_description/share/go2_description/urdf/.history/go2_description_20230904182446.urdf
[1.439s] -- Symlinking: /home/kshitij/Documents/unitree_go2_house_nav/install/go2_description/share/go2_description/urdf/.history/go2_description_20230904193628.urdf
[1.450s] -- Symlinking: /home/kshitij/Documents/unitree_go2_house_nav/install/go2_description/share/go2_description/urdf/.history/go2_description_20230904193644.urdf
[1.462s] -- Symlinking: /home/kshitij/Documents/unitree_go2_house_nav/install/go2_description/share/go2_description/urdf/.history/go2_description_20230904193653.urdf
[1.472s] -- Symlinking: /home/kshitij/Documents/unitree_go2_house_nav/install/go2_description/share/go2_description/urdf/.history/go2_description_20230904193705.urdf
[1.483s] -- Symlinking: /home/kshitij/Documents/unitree_go2_house_nav/install/go2_description/share/go2_description/urdf/.history/go2_description_20230904193710.urdf
[1.493s] -- Symlinking: /home/kshitij/Documents/unitree_go2_house_nav/install/go2_description/share/go2_description/urdf/.history/go2_description_20230904193711.urdf
[1.510s] -- Symlinking: /home/kshitij/Documents/unitree_go2_house_nav/install/go2_description/share/go2_description/urdf/.history/go2_description_20230905112047.urdf
[1.520s] -- Symlinking: /home/kshitij/Documents/unitree_go2_house_nav/install/go2_description/share/go2_description/urdf/.history/go2_description_20230905112143.urdf
[1.532s] -- Symlinking: /home/kshitij/Documents/unitree_go2_house_nav/install/go2_description/share/go2_description/urdf/.history/go2_description_20230905112217.urdf
[1.543s] -- Symlinking: /home/kshitij/Documents/unitree_go2_house_nav/install/go2_description/share/go2_description/urdf/.history/go2_description_20230905112735.urdf
[1.561s] -- Symlinking: /home/kshitij/Documents/unitree_go2_house_nav/install/go2_description/share/go2_description/urdf/.history/go2_description_20230905112749.urdf
[1.586s] -- Symlinking: /home/kshitij/Documents/unitree_go2_house_nav/install/go2_description/share/go2_description/urdf/.history/go2_description_20230905112752.urdf
[1.594s] -- Symlinking: /home/kshitij/Documents/unitree_go2_house_nav/install/go2_description/share/go2_description/urdf/.history/go2_description_20230905112944.urdf
[1.606s] -- Symlinking: /home/kshitij/Documents/unitree_go2_house_nav/install/go2_description/share/go2_description/urdf/.history/go2_description_20230905113000.urdf
[1.617s] -- Symlinking: /home/kshitij/Documents/unitree_go2_house_nav/install/go2_description/share/go2_description/urdf/.history/go2_description_20230905113059.urdf
[1.628s] -- Symlinking: /home/kshitij/Documents/unitree_go2_house_nav/install/go2_description/share/go2_description/urdf/.history/go2_description_20230905113633.urdf
[1.639s] -- Symlinking: /home/kshitij/Documents/unitree_go2_house_nav/install/go2_description/share/go2_description/urdf/.history/go2_description_20230905113754.urdf
[1.651s] -- Symlinking: /home/kshitij/Documents/unitree_go2_house_nav/install/go2_description/share/go2_description/urdf/.history/go2_description_20230905113755.urdf
[1.665s] -- Symlinking: /home/kshitij/Documents/unitree_go2_house_nav/install/go2_description/share/go2_description/urdf/.history/go2_description_20230905113839.urdf
[1.683s] -- Symlinking: /home/kshitij/Documents/unitree_go2_house_nav/install/go2_description/share/go2_description/urdf/.history/go2_description_20230905113840.urdf
[1.697s] -- Symlinking: /home/kshitij/Documents/unitree_go2_house_nav/install/go2_description/share/go2_description/urdf/.history/go2_description_20230905114759.urdf
[1.705s] -- Symlinking: /home/kshitij/Documents/unitree_go2_house_nav/install/go2_description/share/go2_description/urdf/.history/go2_description_20230905114819.urdf
[1.716s] -- Symlinking: /home/kshitij/Documents/unitree_go2_house_nav/install/go2_description/share/go2_description/urdf/.history/go2_description_20230905115021.urdf
[1.728s] -- Symlinking: /home/kshitij/Documents/unitree_go2_house_nav/install/go2_description/share/go2_description/urdf/.history/go2_description_20230905115022.urdf
[1.742s] -- Symlinking: /home/kshitij/Documents/unitree_go2_house_nav/install/go2_description/share/go2_description/urdf/.history/go2_description_20230905115040.urdf
[1.754s] -- Symlinking: /home/kshitij/Documents/unitree_go2_house_nav/install/go2_description/share/go2_description/urdf/.history/go2_description_20230905115215.urdf
[1.768s] -- Symlinking: /home/kshitij/Documents/unitree_go2_house_nav/install/go2_description/share/go2_description/urdf/.history/go2_description_20230905115226.urdf
[1.777s] -- Symlinking: /home/kshitij/Documents/unitree_go2_house_nav/install/go2_description/share/go2_description/urdf/.history/go2_description_20230905115300.urdf
[1.788s] -- Symlinking: /home/kshitij/Documents/unitree_go2_house_nav/install/go2_description/share/go2_description/urdf/.history/go2_description_20230905115313.urdf
[1.798s] -- Symlinking: /home/kshitij/Documents/unitree_go2_house_nav/install/go2_description/share/go2_description/urdf/Amended_collision_model.png
[1.809s] -- Symlinking: /home/kshitij/Documents/unitree_go2_house_nav/install/go2_description/share/go2_description/urdf/Normal_collision_model.png
[1.822s] -- Symlinking: /home/kshitij/Documents/unitree_go2_house_nav/install/go2_description/share/go2_description/urdf/go2_description.urdf
[1.833s] -- Symlinking: /home/kshitij/Documents/unitree_go2_house_nav/install/go2_description/share/go2_description/dae/base.dae
[1.847s] -- Symlinking: /home/kshitij/Documents/unitree_go2_house_nav/install/go2_description/share/go2_description/dae/calf.dae
[1.859s] -- Symlinking: /home/kshitij/Documents/unitree_go2_house_nav/install/go2_description/share/go2_description/dae/calf_mirror.dae
[1.874s] -- Symlinking: /home/kshitij/Documents/unitree_go2_house_nav/install/go2_description/share/go2_description/dae/foot.dae
[1.886s] -- Symlinking: /home/kshitij/Documents/unitree_go2_house_nav/install/go2_description/share/go2_description/dae/hip.dae
[1.896s] -- Symlinking: /home/kshitij/Documents/unitree_go2_house_nav/install/go2_description/share/go2_description/dae/thigh.dae
[1.909s] -- Symlinking: /home/kshitij/Documents/unitree_go2_house_nav/install/go2_description/share/go2_description/dae/thigh_mirror.dae
[1.922s] -- Symlinking: /home/kshitij/Documents/unitree_go2_house_nav/install/go2_description/share/go2_description/meshes/calf.dae
[1.935s] -- Symlinking: /home/kshitij/Documents/unitree_go2_house_nav/install/go2_description/share/go2_description/meshes/calf_mirror.dae
[1.948s] -- Symlinking: /home/kshitij/Documents/unitree_go2_house_nav/install/go2_description/share/go2_description/meshes/foot.dae
[1.960s] -- Symlinking: /home/kshitij/Documents/unitree_go2_house_nav/install/go2_description/share/go2_description/meshes/hip.dae
[1.973s] -- Symlinking: /home/kshitij/Documents/unitree_go2_house_nav/install/go2_description/share/go2_description/meshes/thigh.dae
[1.985s] -- Symlinking: /home/kshitij/Documents/unitree_go2_house_nav/install/go2_description/share/go2_description/meshes/thigh_mirror.dae
[1.996s] -- Symlinking: /home/kshitij/Documents/unitree_go2_house_nav/install/go2_description/share/go2_description/meshes/trunk.dae
[2.008s] -- Symlinking: /home/kshitij/Documents/unitree_go2_house_nav/install/go2_description/share/ament_index/resource_index/package_run_dependencies/go2_description
[2.021s] -- Symlinking: /home/kshitij/Documents/unitree_go2_house_nav/install/go2_description/share/ament_index/resource_index/parent_prefix_path/go2_description
[2.032s] -- Symlinking: /home/kshitij/Documents/unitree_go2_house_nav/install/go2_description/share/go2_description/environment/ament_prefix_path.sh
[2.047s] -- Symlinking: /home/kshitij/Documents/unitree_go2_house_nav/install/go2_description/share/go2_description/environment/ament_prefix_path.dsv
[2.056s] -- Symlinking: /home/kshitij/Documents/unitree_go2_house_nav/install/go2_description/share/go2_description/environment/path.sh
[2.067s] -- Symlinking: /home/kshitij/Documents/unitree_go2_house_nav/install/go2_description/share/go2_description/environment/path.dsv
[2.081s] -- Symlinking: /home/kshitij/Documents/unitree_go2_house_nav/install/go2_description/share/go2_description/local_setup.bash
[2.095s] -- Symlinking: /home/kshitij/Documents/unitree_go2_house_nav/install/go2_description/share/go2_description/local_setup.sh
[2.102s] -- Symlinking: /home/kshitij/Documents/unitree_go2_house_nav/install/go2_description/share/go2_description/local_setup.zsh
[2.113s] -- Symlinking: /home/kshitij/Documents/unitree_go2_house_nav/install/go2_description/share/go2_description/local_setup.dsv
[2.128s] -- Symlinking: /home/kshitij/Documents/unitree_go2_house_nav/install/go2_description/share/go2_description/package.dsv
[2.136s] -- Symlinking: /home/kshitij/Documents/unitree_go2_house_nav/install/go2_description/share/ament_index/resource_index/packages/go2_description
[2.149s] -- Symlinking: /home/kshitij/Documents/unitree_go2_house_nav/install/go2_description/share/go2_description/cmake/go2_descriptionConfig.cmake
[2.161s] -- Symlinking: /home/kshitij/Documents/unitree_go2_house_nav/install/go2_description/share/go2_description/cmake/go2_descriptionConfig-version.cmake
[2.174s] -- Symlinking: /home/kshitij/Documents/unitree_go2_house_nav/install/go2_description/share/go2_description/package.xml
[2.190s] Invoked command in '/home/kshitij/Documents/unitree_go2_house_nav/build/go2_description' returned '0': CMAKE_PREFIX_PATH=${CMAKE_PREFIX_PATH}:/home/kshitij/Unitree_GO2_ws/install/go2_twist_bridge:/home/kshitij/Unitree_GO2_ws/install/go2_state:/home/kshitij/Unitree_GO2_ws/install/go2_nav:/home/kshitij/Unitree_GO2_ws/install/go2_cruising:/home/kshitij/Unitree_GO2_ws/install/go2_goal_nav:/home/kshitij/Unitree_GO2_ws/install/go2_drive_py:/home/kshitij/Unitree_GO2_ws/install/go2_ctrl:/opt/ros/humble /usr/bin/cmake --install /home/kshitij/Documents/unitree_go2_house_nav/build/go2_description
