[0.021s] Invoking command in '/home/kshitij/Documents/unitree_go2_house_nav/build/go2_driver': CMAKE_PREFIX_PATH=${CMAKE_PREFIX_PATH}:/home/kshitij/Unitree_GO2_ws/install/go2_twist_bridge:/home/kshitij/Unitree_GO2_ws/install/go2_state:/home/kshitij/Unitree_GO2_ws/install/go2_nav:/home/kshitij/Unitree_GO2_ws/install/go2_cruising:/home/kshitij/Unitree_GO2_ws/install/go2_goal_nav:/home/kshitij/Unitree_GO2_ws/install/go2_drive_py:/home/kshitij/Unitree_GO2_ws/install/go2_ctrl:/opt/ros/humble /usr/bin/cmake /home/kshitij/Documents/unitree_go2_house_nav/src/unitree-go2-slam-toolbox/src/base/go2_driver -DAMENT_CMAKE_SYMLINK_INSTALL=1 -DCMAKE_INSTALL_PREFIX=/home/kshitij/Documents/unitree_go2_house_nav/install/go2_driver
[0.145s] -- The C compiler identification is GNU 11.4.0
[0.283s] -- The CXX compiler identification is GNU 11.4.0
[0.300s] -- Detecting C compiler ABI info
[0.410s] -- Detecting C compiler ABI info - done
[0.428s] -- Check for working C compiler: /usr/bin/cc - skipped
[0.428s] -- Detecting C compile features
[0.431s] -- Detecting C compile features - done
[0.439s] -- Detecting CXX compiler ABI info
[0.569s] -- Detecting CXX compiler ABI info - done
[0.585s] -- Check for working CXX compiler: /usr/bin/c++ - skipped
[0.585s] -- Detecting CXX compile features
[0.586s] -- Detecting CXX compile features - done
[0.597s] -- Found ament_cmake: 1.3.13 (/opt/ros/humble/share/ament_cmake/cmake)
[0.910s] -- Found Python3: /usr/bin/python3 (found version "3.10.12") found components: Interpreter 
[1.043s] -- Override CMake install command with custom implementation using symlinks instead of copying resources
[1.115s] -- Found rclcpp: 16.0.18 (/opt/ros/humble/share/rclcpp/cmake)
[1.207s] -- Found rosidl_generator_c: 3.1.8 (/opt/ros/humble/share/rosidl_generator_c/cmake)
[1.216s] -- Found rosidl_adapter: 3.1.8 (/opt/ros/humble/share/rosidl_adapter/cmake)
[1.235s] -- Found rosidl_generator_cpp: 3.1.8 (/opt/ros/humble/share/rosidl_generator_cpp/cmake)
[1.262s] -- Using all available rosidl_typesupport_c: rosidl_typesupport_fastrtps_c;rosidl_typesupport_introspection_c
[1.300s] -- Using all available rosidl_typesupport_cpp: rosidl_typesupport_fastrtps_cpp;rosidl_typesupport_introspection_cpp
[1.395s] -- Found rmw_implementation_cmake: 6.1.2 (/opt/ros/humble/share/rmw_implementation_cmake/cmake)
[1.398s] -- Found rmw_cyclonedds_cpp: 1.3.4 (/home/kshitij/unitree_ros2/cyclonedds_ws/install/rmw_cyclonedds_cpp/share/rmw_cyclonedds_cpp/cmake)
[1.433s] -- Using RMW implementation 'rmw_cyclonedds_cpp' as default
[1.458s] -- Looking for pthread.h
[1.563s] -- Looking for pthread.h - found
[1.564s] -- Performing Test CMAKE_HAVE_LIBC_PTHREAD
[1.674s] -- Performing Test CMAKE_HAVE_LIBC_PTHREAD - Success
[1.675s] -- Found Threads: TRUE  
[1.784s] -- Found unitree_go: 0.0.0 (/home/kshitij/unitree_ros2/cyclonedds_ws/install/unitree_go/share/unitree_go/cmake)
[1.846s] -- Found nav_msgs: 4.9.1 (/opt/ros/humble/share/nav_msgs/cmake)
[1.879s] -- Found tf2: 0.25.19 (/opt/ros/humble/share/tf2/cmake)
[1.899s] -- Found tf2_ros: 0.25.19 (/opt/ros/humble/share/tf2_ros/cmake)
[2.094s] -- Found sensor_msgs: 4.9.1 (/opt/ros/humble/share/sensor_msgs/cmake)
[2.154s] -- Found ament_lint_auto: 0.12.15 (/opt/ros/humble/share/ament_lint_auto/cmake)
[2.312s] -- Added test 'cppcheck' to perform static code analysis on C / C++ code
[2.312s] -- Configured cppcheck include dirs: $<BUILD_INTERFACE:/home/kshitij/Documents/unitree_go2_house_nav/src/unitree-go2-slam-toolbox/src/base/go2_driver/include>
[2.313s] -- Configured cppcheck exclude dirs and/or files: 
[2.314s] -- Added test 'flake8' to check Python code syntax and style conventions
[2.317s] -- Added test 'lint_cmake' to check CMake code style
[2.320s] -- Added test 'pep257' to check Python code against some of the docstring style conventions in PEP 257
[2.321s] -- Added test 'uncrustify' to check C / C++ code style
[2.321s] -- Configured uncrustify additional arguments: 
[2.322s] -- Added test 'xmllint' to check XML markup files
[2.326s] -- Configuring done
[2.370s] -- Generating done
[2.379s] -- Build files have been written to: /home/kshitij/Documents/unitree_go2_house_nav/build/go2_driver
[2.397s] Invoked command in '/home/kshitij/Documents/unitree_go2_house_nav/build/go2_driver' returned '0': CMAKE_PREFIX_PATH=${CMAKE_PREFIX_PATH}:/home/kshitij/Unitree_GO2_ws/install/go2_twist_bridge:/home/kshitij/Unitree_GO2_ws/install/go2_state:/home/kshitij/Unitree_GO2_ws/install/go2_nav:/home/kshitij/Unitree_GO2_ws/install/go2_cruising:/home/kshitij/Unitree_GO2_ws/install/go2_goal_nav:/home/kshitij/Unitree_GO2_ws/install/go2_drive_py:/home/kshitij/Unitree_GO2_ws/install/go2_ctrl:/opt/ros/humble /usr/bin/cmake /home/kshitij/Documents/unitree_go2_house_nav/src/unitree-go2-slam-toolbox/src/base/go2_driver -DAMENT_CMAKE_SYMLINK_INSTALL=1 -DCMAKE_INSTALL_PREFIX=/home/kshitij/Documents/unitree_go2_house_nav/install/go2_driver
[2.402s] Invoking command in '/home/kshitij/Documents/unitree_go2_house_nav/build/go2_driver': CMAKE_PREFIX_PATH=${CMAKE_PREFIX_PATH}:/home/kshitij/Unitree_GO2_ws/install/go2_twist_bridge:/home/kshitij/Unitree_GO2_ws/install/go2_state:/home/kshitij/Unitree_GO2_ws/install/go2_nav:/home/kshitij/Unitree_GO2_ws/install/go2_cruising:/home/kshitij/Unitree_GO2_ws/install/go2_goal_nav:/home/kshitij/Unitree_GO2_ws/install/go2_drive_py:/home/kshitij/Unitree_GO2_ws/install/go2_ctrl:/opt/ros/humble /usr/bin/cmake --build /home/kshitij/Documents/unitree_go2_house_nav/build/go2_driver -- -j4 -l4
[2.483s] [ 16%] [32mBuilding CXX object CMakeFiles/lowstate_to_imu.dir/src/lowstate_to_imu.cpp.o[0m
[2.496s] [ 33%] [32mBuilding CXX object CMakeFiles/footprint_to_link.dir/src/footprint_to_link.cpp.o[0m
[2.514s] [ 50%] [32mBuilding CXX object CMakeFiles/driver.dir/src/driver.cpp.o[0m
[31.131s] [ 66%] [32m[1mLinking CXX executable footprint_to_link[0m
[31.481s] [ 83%] [32m[1mLinking CXX executable lowstate_to_imu[0m
[33.107s] [ 83%] Built target footprint_to_link
[33.315s] [ 83%] Built target lowstate_to_imu
[38.887s] [100%] [32m[1mLinking CXX executable driver[0m
[40.218s] [100%] Built target driver
[40.238s] Invoked command in '/home/kshitij/Documents/unitree_go2_house_nav/build/go2_driver' returned '0': CMAKE_PREFIX_PATH=${CMAKE_PREFIX_PATH}:/home/kshitij/Unitree_GO2_ws/install/go2_twist_bridge:/home/kshitij/Unitree_GO2_ws/install/go2_state:/home/kshitij/Unitree_GO2_ws/install/go2_nav:/home/kshitij/Unitree_GO2_ws/install/go2_cruising:/home/kshitij/Unitree_GO2_ws/install/go2_goal_nav:/home/kshitij/Unitree_GO2_ws/install/go2_drive_py:/home/kshitij/Unitree_GO2_ws/install/go2_ctrl:/opt/ros/humble /usr/bin/cmake --build /home/kshitij/Documents/unitree_go2_house_nav/build/go2_driver -- -j4 -l4
[40.239s] Invoking command in '/home/kshitij/Documents/unitree_go2_house_nav/build/go2_driver': CMAKE_PREFIX_PATH=${CMAKE_PREFIX_PATH}:/home/kshitij/Unitree_GO2_ws/install/go2_twist_bridge:/home/kshitij/Unitree_GO2_ws/install/go2_state:/home/kshitij/Unitree_GO2_ws/install/go2_nav:/home/kshitij/Unitree_GO2_ws/install/go2_cruising:/home/kshitij/Unitree_GO2_ws/install/go2_goal_nav:/home/kshitij/Unitree_GO2_ws/install/go2_drive_py:/home/kshitij/Unitree_GO2_ws/install/go2_ctrl:/opt/ros/humble /usr/bin/cmake --install /home/kshitij/Documents/unitree_go2_house_nav/build/go2_driver
[40.246s] -- Install configuration: ""
[40.246s] -- Execute custom install script
[40.247s] -- Symlinking: /home/kshitij/Documents/unitree_go2_house_nav/install/go2_driver/lib/go2_driver/driver
[40.254s] -- Symlinking: /home/kshitij/Documents/unitree_go2_house_nav/install/go2_driver/lib/go2_driver/footprint_to_link
[40.262s] -- Symlinking: /home/kshitij/Documents/unitree_go2_house_nav/install/go2_driver/lib/go2_driver/lowstate_to_imu
[40.271s] -- Symlinking: /home/kshitij/Documents/unitree_go2_house_nav/install/go2_driver/share/go2_driver/launch/driver.launch.py
[40.279s] -- Symlinking: /home/kshitij/Documents/unitree_go2_house_nav/install/go2_driver/share/go2_driver/params/driver.yaml
[40.286s] -- Symlinking: /home/kshitij/Documents/unitree_go2_house_nav/install/go2_driver/share/go2_driver/rviz/display.rviz
[40.295s] -- Symlinking: /home/kshitij/Documents/unitree_go2_house_nav/install/go2_driver/share/ament_index/resource_index/package_run_dependencies/go2_driver
[40.302s] -- Symlinking: /home/kshitij/Documents/unitree_go2_house_nav/install/go2_driver/share/ament_index/resource_index/parent_prefix_path/go2_driver
[40.310s] -- Symlinking: /home/kshitij/Documents/unitree_go2_house_nav/install/go2_driver/share/go2_driver/environment/ament_prefix_path.sh
[40.318s] -- Symlinking: /home/kshitij/Documents/unitree_go2_house_nav/install/go2_driver/share/go2_driver/environment/ament_prefix_path.dsv
[40.325s] -- Symlinking: /home/kshitij/Documents/unitree_go2_house_nav/install/go2_driver/share/go2_driver/environment/path.sh
[40.333s] -- Symlinking: /home/kshitij/Documents/unitree_go2_house_nav/install/go2_driver/share/go2_driver/environment/path.dsv
[40.340s] -- Symlinking: /home/kshitij/Documents/unitree_go2_house_nav/install/go2_driver/share/go2_driver/local_setup.bash
[40.347s] -- Symlinking: /home/kshitij/Documents/unitree_go2_house_nav/install/go2_driver/share/go2_driver/local_setup.sh
[40.355s] -- Symlinking: /home/kshitij/Documents/unitree_go2_house_nav/install/go2_driver/share/go2_driver/local_setup.zsh
[40.362s] -- Symlinking: /home/kshitij/Documents/unitree_go2_house_nav/install/go2_driver/share/go2_driver/local_setup.dsv
[40.369s] -- Symlinking: /home/kshitij/Documents/unitree_go2_house_nav/install/go2_driver/share/go2_driver/package.dsv
[40.377s] -- Symlinking: /home/kshitij/Documents/unitree_go2_house_nav/install/go2_driver/share/ament_index/resource_index/packages/go2_driver
[40.384s] -- Symlinking: /home/kshitij/Documents/unitree_go2_house_nav/install/go2_driver/share/go2_driver/cmake/go2_driverConfig.cmake
[40.391s] -- Symlinking: /home/kshitij/Documents/unitree_go2_house_nav/install/go2_driver/share/go2_driver/cmake/go2_driverConfig-version.cmake
[40.398s] -- Symlinking: /home/kshitij/Documents/unitree_go2_house_nav/install/go2_driver/share/go2_driver/package.xml
[40.407s] Invoked command in '/home/kshitij/Documents/unitree_go2_house_nav/build/go2_driver' returned '0': CMAKE_PREFIX_PATH=${CMAKE_PREFIX_PATH}:/home/kshitij/Unitree_GO2_ws/install/go2_twist_bridge:/home/kshitij/Unitree_GO2_ws/install/go2_state:/home/kshitij/Unitree_GO2_ws/install/go2_nav:/home/kshitij/Unitree_GO2_ws/install/go2_cruising:/home/kshitij/Unitree_GO2_ws/install/go2_goal_nav:/home/kshitij/Unitree_GO2_ws/install/go2_drive_py:/home/kshitij/Unitree_GO2_ws/install/go2_ctrl:/opt/ros/humble /usr/bin/cmake --install /home/kshitij/Documents/unitree_go2_house_nav/build/go2_driver
